11:24:02.165 [main] INFO  sqltiming - SELECT * FROM  tbl_category tc where tc.status = 'ACTIVE' ORDER by odr
 {executed in 8 msec}
11:24:02.203 [main] INFO  BoardMapperTest - Category(cno=1, cname=갤러리, regdate=2025-06-12 17:16:45, cViewType=LIST, odr=0, status=ACTIVE)
11:24:02.210 [main] INFO  BoardMapperTest - Category(cno=2, cname=자유게시판, regdate=2025-06-12 17:16:45, cViewType=LIST, odr=1, status=ACTIVE)
11:24:02.210 [main] INFO  BoardMapperTest - Category(cno=3, cname=Q&A, regdate=2025-06-12 17:16:46, cViewType=LIST, odr=2, status=ACTIVE)
11:26:58.919 [main] INFO  sqltiming - SELECT * FROM  tbl_category tc where tc.status = 'ACTIVE' ORDER by odr
 {executed in 10 msec}
11:26:58.947 [main] INFO  BoardMapperTest - Category(cno=1, cname=갤러리, regdate=2025-06-12 17:16:45, cViewType=LIST, odr=0, status=ACTIVE)
11:26:58.956 [main] INFO  BoardMapperTest - Category(cno=2, cname=자유게시판, regdate=2025-06-12 17:16:45, cViewType=LIST, odr=1, status=ACTIVE)
11:26:58.957 [main] INFO  BoardMapperTest - Category(cno=3, cname=Q&A, regdate=2025-06-12 17:16:46, cViewType=LIST, odr=2, status=ACTIVE)
11:31:51.225 [main] INFO  sqltiming - SELECT * FROM  tbl_category tc where tc.status = 'ACTIVE' ORDER by odr
 {executed in 15 msec}
11:31:51.253 [main] INFO  CategoryMapperTest - Category(cno=1, cname=갤러리, regdate=2025-06-12 17:16:45, cViewType=LIST, odr=0, status=ACTIVE)
11:31:51.259 [main] INFO  CategoryMapperTest - Category(cno=2, cname=자유게시판, regdate=2025-06-12 17:16:45, cViewType=LIST, odr=1, status=ACTIVE)
11:31:51.259 [main] INFO  CategoryMapperTest - Category(cno=3, cname=Q&A, regdate=2025-06-12 17:16:46, cViewType=LIST, odr=2, status=ACTIVE)
11:33:16.385 [main] INFO  sqltiming - SELECT * FROM  tbl_category tc where tc.status = 'ACTIVE' ORDER by odr
 {executed in 13 msec}
11:33:16.415 [main] INFO  CategoryMapperTest - Category(cno=1, cname=갤러리, regdate=2025-06-12 17:16:45, cViewType=LIST, odr=0, status=ACTIVE)
11:33:16.422 [main] INFO  CategoryMapperTest - Category(cno=2, cname=자유게시판, regdate=2025-06-12 17:16:45, cViewType=LIST, odr=1, status=ACTIVE)
11:33:16.423 [main] INFO  CategoryMapperTest - Category(cno=3, cname=Q&A, regdate=2025-06-12 17:16:46, cViewType=LIST, odr=2, status=ACTIVE)
11:35:31.964 [main] INFO  sqltiming - SELECT * FROM  tbl_category tc where tc.status = 'ACTIVE' ORDER by odr
 {executed in 16 msec}
11:35:31.991 [main] INFO  CategoryMapperTest - Category(cno=1, cname=갤러리, regdate=2025-06-12 17:16:45, cViewType=LIST, odr=0, status=ACTIVE)
11:35:32.002 [main] INFO  CategoryMapperTest - Category(cno=2, cname=자유게시판, regdate=2025-06-12 17:16:45, cViewType=LIST, odr=1, status=ACTIVE)
11:35:32.002 [main] INFO  CategoryMapperTest - Category(cno=3, cname=Q&A, regdate=2025-06-12 17:16:46, cViewType=LIST, odr=2, status=ACTIVE)
11:40:15.130 [main] INFO  sqltiming - SELECT * FROM  tbl_category tc where tc.status = 'ACTIVE' ORDER by odr
 {executed in 9 msec}
11:40:15.160 [main] INFO  CategoryMapperTest - Category(cno=1, cname=갤러리, regdate=2025-06-12 17:16:45, cViewType=LIST, odr=0, status=ACTIVE)
11:40:15.169 [main] INFO  CategoryMapperTest - Category(cno=2, cname=자유게시판, regdate=2025-06-12 17:16:45, cViewType=LIST, odr=1, status=ACTIVE)
11:40:15.170 [main] INFO  CategoryMapperTest - Category(cno=3, cname=Q&A, regdate=2025-06-12 17:16:46, cViewType=LIST, odr=2, status=ACTIVE)
