10:07:56.419 [main] INFO  Criteria - domain.dto.Criteria@2b6faea6
10:13:12.992 [main] INFO  Criteria - domain.dto.Criteria@2b6faea6
10:13:59.179 [main] INFO  Criteria - domain.dto.Criteria@2b6faea6
10:15:49.747 [main] INFO  Criteria - domain.dto.Criteria@2b6faea6
10:20:08.920 [main] INFO  Criteria - 0
10:20:21.398 [main] INFO  Criteria - 10
10:20:28.235 [main] INFO  Criteria - 20
10:20:31.254 [main] INFO  Criteria - 20
10:21:00.841 [main] INFO  Criteria - 66
10:21:18.359 [main] INFO  Criteria - 20
10:40:15.293 [main] INFO  sqltiming - select * from tbl_board  order by bno desc limit 10 offset 0
 {executed in 8 msec}
10:40:15.325 [main] INFO  resultsettable - 
|----|--------|---------------|---|--------------------|--------------------|----|------|
|bno |title   |content        |id |regdate             |moddate             |cnt |cno   |
|----|--------|---------------|---|--------------------|--------------------|----|------|
|218 |새똥이가 쓴글 |ㅊㅊㅊㅊㅊ          |1  |2025-06-18 10:07:17 |2025-06-18 10:07:17 |0   |20000 |
|217 |새로작성    |<p>새로작성</p>
  |1  |2025-06-18 10:07:17 |2025-06-18 10:07:17 |0   |2     |
|216 |ttttt   |<p>ttttt</p>
 |1  |2025-06-18 10:07:17 |2025-06-18 10:07:17 |0   |2     |
|215 |fff     |<p>fff</p>
   |1  |2025-06-18 10:07:17 |2025-06-18 10:07:17 |0   |2     |
|214 |aa      |<p>aa</p>
    |1  |2025-06-18 10:07:17 |2025-06-18 10:07:17 |0   |2     |
|213 |새똥이 글   |<p>새똥아</p>
   |1  |2025-06-18 10:07:17 |2025-06-18 10:07:17 |0   |2     |
|212 |새똥이 글   |<p>새똥아</p>
   |1  |2025-06-18 10:07:17 |2025-06-18 10:07:17 |0   |2     |
|211 |aa      |<p>aa</p>
    |1  |2025-06-18 10:07:17 |2025-06-18 10:07:17 |0   |2     |
|210 |fff     |<p>fff</p>
   |1  |2025-06-18 10:07:17 |2025-06-18 10:07:17 |0   |2     |
|209 |ttttt   |<p>ttttt</p>
 |1  |2025-06-18 10:07:17 |2025-06-18 10:07:17 |0   |2     |
|----|--------|---------------|---|--------------------|--------------------|----|------|

10:40:15.351 [main] INFO  BoardService - 새똥이가 쓴글
10:40:15.352 [main] INFO  BoardService - 새로작성
10:40:15.353 [main] INFO  BoardService - ttttt
10:40:15.353 [main] INFO  BoardService - fff
10:40:15.357 [main] INFO  BoardService - aa
10:40:15.359 [main] INFO  BoardService - 새똥이 글
10:40:15.361 [main] INFO  BoardService - 새똥이 글
10:40:15.362 [main] INFO  BoardService - aa
10:40:15.362 [main] INFO  BoardService - fff
10:40:15.364 [main] INFO  BoardService - ttttt
10:40:26.570 [main] INFO  sqltiming - select * from tbl_board  order by bno desc limit 50 offset 100
 {executed in 8 msec}
10:40:26.632 [main] INFO  resultsettable - 
|----|--------|---------------|---|--------------------|--------------------|----|------|
|bno |title   |content        |id |regdate             |moddate             |cnt |cno   |
|----|--------|---------------|---|--------------------|--------------------|----|------|
|103 |aa      |<p>aa</p>
    |1  |2025-06-18 10:07:12 |2025-06-18 10:07:12 |0   |2     |
|102 |새똥이 글   |<p>새똥아</p>
   |1  |2025-06-18 10:07:12 |2025-06-18 10:07:12 |0   |2     |
|101 |새똥이 글   |<p>새똥아</p>
   |1  |2025-06-18 10:07:12 |2025-06-18 10:07:12 |0   |2     |
|100 |aa      |<p>aa</p>
    |1  |2025-06-18 10:07:12 |2025-06-18 10:07:12 |0   |2     |
|99  |fff     |<p>fff</p>
   |1  |2025-06-18 10:07:12 |2025-06-18 10:07:12 |0   |2     |
|98  |ttttt   |<p>ttttt</p>
 |1  |2025-06-18 10:07:12 |2025-06-18 10:07:12 |0   |2     |
|97  |새로작성    |<p>새로작성</p>
  |1  |2025-06-18 10:07:12 |2025-06-18 10:07:12 |0   |2     |
|96  |새똥이가 쓴글 |ㅊㅊㅊㅊㅊ          |1  |2025-06-18 10:07:12 |2025-06-18 10:07:12 |0   |20000 |
|95  |새똥이가 쓴글 |ㅊㅊㅊㅊㅊ          |1  |2025-06-18 10:07:12 |2025-06-18 10:07:12 |0   |20000 |
|94  |새로작성    |<p>새로작성</p>
  |1  |2025-06-18 10:07:12 |2025-06-18 10:07:12 |0   |2     |
|93  |ttttt   |<p>ttttt</p>
 |1  |2025-06-18 10:07:12 |2025-06-18 10:07:12 |0   |2     |
|92  |fff     |<p>fff</p>
   |1  |2025-06-18 10:07:12 |2025-06-18 10:07:12 |0   |2     |
|91  |aa      |<p>aa</p>
    |1  |2025-06-18 10:07:12 |2025-06-18 10:07:12 |0   |2     |
|90  |새똥이 글   |<p>새똥아</p>
   |1  |2025-06-18 10:07:12 |2025-06-18 10:07:12 |0   |2     |
|89  |새똥이 글   |<p>새똥아</p>
   |1  |2025-06-18 10:07:12 |2025-06-18 10:07:12 |0   |2     |
|88  |aa      |<p>aa</p>
    |1  |2025-06-18 10:07:12 |2025-06-18 10:07:12 |0   |2     |
|87  |fff     |<p>fff</p>
   |1  |2025-06-18 10:07:12 |2025-06-18 10:07:12 |0   |2     |
|86  |ttttt   |<p>ttttt</p>
 |1  |2025-06-18 10:07:12 |2025-06-18 10:07:12 |0   |2     |
|85  |새로작성    |<p>새로작성</p>
  |1  |2025-06-18 10:07:12 |2025-06-18 10:07:12 |0   |2     |
|84  |새똥이가 쓴글 |ㅊㅊㅊㅊㅊ          |1  |2025-06-18 10:07:12 |2025-06-18 10:07:12 |0   |20000 |
|83  |새똥이가 쓴글 |ㅊㅊㅊㅊㅊ          |1  |2025-06-18 10:07:12 |2025-06-18 10:07:12 |0   |20000 |
|82  |새로작성    |<p>새로작성</p>
  |1  |2025-06-18 10:07:12 |2025-06-18 10:07:12 |0   |2     |
|81  |ttttt   |<p>ttttt</p>
 |1  |2025-06-18 10:07:12 |2025-06-18 10:07:12 |0   |2     |
|80  |fff     |<p>fff</p>
   |1  |2025-06-18 10:07:12 |2025-06-18 10:07:12 |0   |2     |
|79  |aa      |<p>aa</p>
    |1  |2025-06-18 10:07:12 |2025-06-18 10:07:12 |0   |2     |
|78  |새똥이 글   |<p>새똥아</p>
   |1  |2025-06-18 10:07:12 |2025-06-18 10:07:12 |0   |2     |
|77  |새똥이 글   |<p>새똥아</p>
   |1  |2025-06-18 10:07:12 |2025-06-18 10:07:12 |0   |2     |
|76  |aa      |<p>aa</p>
    |1  |2025-06-18 10:07:12 |2025-06-18 10:07:12 |0   |2     |
|75  |fff     |<p>fff</p>
   |1  |2025-06-18 10:07:12 |2025-06-18 10:07:12 |0   |2     |
|74  |ttttt   |<p>ttttt</p>
 |1  |2025-06-18 10:07:12 |2025-06-18 10:07:12 |0   |2     |
|73  |새로작성    |<p>새로작성</p>
  |1  |2025-06-18 10:07:12 |2025-06-18 10:07:12 |0   |2     |
|72  |새똥이가 쓴글 |ㅊㅊㅊㅊㅊ          |1  |2025-06-18 10:07:12 |2025-06-18 10:07:12 |0   |20000 |
|71  |새똥이가 쓴글 |ㅊㅊㅊㅊㅊ          |1  |2025-06-18 10:07:12 |2025-06-18 10:07:12 |0   |20000 |
|70  |새로작성    |<p>새로작성</p>
  |1  |2025-06-18 10:07:12 |2025-06-18 10:07:12 |0   |2     |
|69  |ttttt   |<p>ttttt</p>
 |1  |2025-06-18 10:07:12 |2025-06-18 10:07:12 |0   |2     |
|68  |fff     |<p>fff</p>
   |1  |2025-06-18 10:07:12 |2025-06-18 10:07:12 |0   |2     |
|67  |aa      |<p>aa</p>
    |1  |2025-06-18 10:07:12 |2025-06-18 10:07:12 |0   |2     |
|66  |새똥이 글   |<p>새똥아</p>
   |1  |2025-06-18 10:07:12 |2025-06-18 10:07:12 |0   |2     |
|65  |새똥이 글   |<p>새똥아</p>
   |1  |2025-06-18 10:07:12 |2025-06-18 10:07:12 |0   |2     |
|64  |aa      |<p>aa</p>
    |1  |2025-06-18 10:07:12 |2025-06-18 10:07:12 |0   |2     |
|63  |fff     |<p>fff</p>
   |1  |2025-06-18 10:07:12 |2025-06-18 10:07:12 |0   |2     |
|62  |ttttt   |<p>ttttt</p>
 |1  |2025-06-18 10:07:12 |2025-06-18 10:07:12 |0   |2     |
|61  |새로작성    |<p>새로작성</p>
  |1  |2025-06-18 10:07:12 |2025-06-18 10:07:12 |0   |2     |
|60  |새똥이가 쓴글 |ㅊㅊㅊㅊㅊ          |1  |2025-06-18 10:07:12 |2025-06-18 10:07:12 |0   |20000 |
|52  |새똥이가 쓴글 |ㅊㅊㅊㅊㅊ          |1  |2025-06-18 10:07:07 |2025-06-18 10:07:07 |0   |20000 |
|51  |새로작성    |<p>새로작성</p>
  |1  |2025-06-18 10:07:07 |2025-06-18 10:07:07 |0   |2     |
|50  |ttttt   |<p>ttttt</p>
 |1  |2025-06-18 10:07:07 |2025-06-18 10:07:07 |0   |2     |
|49  |fff     |<p>fff</p>
   |1  |2025-06-18 10:07:07 |2025-06-18 10:07:07 |0   |2     |
|48  |aa      |<p>aa</p>
    |1  |2025-06-18 10:07:07 |2025-06-18 10:07:07 |0   |2     |
|47  |새똥이 글   |<p>새똥아</p>
   |1  |2025-06-18 10:07:07 |2025-06-18 10:07:07 |0   |2     |
|----|--------|---------------|---|--------------------|--------------------|----|------|

10:40:26.660 [main] INFO  BoardService - aa
10:40:26.662 [main] INFO  BoardService - 새똥이 글
10:40:26.662 [main] INFO  BoardService - 새똥이 글
10:40:26.666 [main] INFO  BoardService - aa
10:40:26.666 [main] INFO  BoardService - fff
10:40:26.666 [main] INFO  BoardService - ttttt
10:40:26.666 [main] INFO  BoardService - 새로작성
10:40:26.666 [main] INFO  BoardService - 새똥이가 쓴글
10:40:26.667 [main] INFO  BoardService - 새똥이가 쓴글
10:40:26.667 [main] INFO  BoardService - 새로작성
10:40:26.667 [main] INFO  BoardService - ttttt
10:40:26.669 [main] INFO  BoardService - fff
10:40:26.669 [main] INFO  BoardService - aa
10:40:26.669 [main] INFO  BoardService - 새똥이 글
10:40:26.671 [main] INFO  BoardService - 새똥이 글
10:40:26.671 [main] INFO  BoardService - aa
10:40:26.671 [main] INFO  BoardService - fff
10:40:26.672 [main] INFO  BoardService - ttttt
10:40:26.672 [main] INFO  BoardService - 새로작성
10:40:26.672 [main] INFO  BoardService - 새똥이가 쓴글
10:40:26.674 [main] INFO  BoardService - 새똥이가 쓴글
10:40:26.674 [main] INFO  BoardService - 새로작성
10:40:26.674 [main] INFO  BoardService - ttttt
10:40:26.674 [main] INFO  BoardService - fff
10:40:26.674 [main] INFO  BoardService - aa
10:40:26.674 [main] INFO  BoardService - 새똥이 글
10:40:26.674 [main] INFO  BoardService - 새똥이 글
10:40:26.674 [main] INFO  BoardService - aa
10:40:26.675 [main] INFO  BoardService - fff
10:40:26.675 [main] INFO  BoardService - ttttt
10:40:26.675 [main] INFO  BoardService - 새로작성
10:40:26.675 [main] INFO  BoardService - 새똥이가 쓴글
10:40:26.675 [main] INFO  BoardService - 새똥이가 쓴글
10:40:26.675 [main] INFO  BoardService - 새로작성
10:40:26.675 [main] INFO  BoardService - ttttt
10:40:26.676 [main] INFO  BoardService - fff
10:40:26.677 [main] INFO  BoardService - aa
10:40:26.677 [main] INFO  BoardService - 새똥이 글
10:40:26.677 [main] INFO  BoardService - 새똥이 글
10:40:26.677 [main] INFO  BoardService - aa
10:40:26.677 [main] INFO  BoardService - fff
10:40:26.677 [main] INFO  BoardService - ttttt
10:40:26.678 [main] INFO  BoardService - 새로작성
10:40:26.678 [main] INFO  BoardService - 새똥이가 쓴글
10:40:26.678 [main] INFO  BoardService - 새똥이가 쓴글
10:40:26.678 [main] INFO  BoardService - 새로작성
10:40:26.678 [main] INFO  BoardService - ttttt
10:40:26.678 [main] INFO  BoardService - fff
10:40:26.678 [main] INFO  BoardService - aa
10:40:26.678 [main] INFO  BoardService - 새똥이 글
10:41:57.478 [main] INFO  sqltiming - select * from tbl_board  order by bno desc limit 10 offset 0
 {executed in 7 msec}
10:41:57.509 [main] INFO  resultsettable - 
|----|--------|---------------|---|--------------------|--------------------|----|------|
|bno |title   |content        |id |regdate             |moddate             |cnt |cno   |
|----|--------|---------------|---|--------------------|--------------------|----|------|
|218 |새똥이가 쓴글 |ㅊㅊㅊㅊㅊ          |1  |2025-06-18 10:07:17 |2025-06-18 10:07:17 |0   |20000 |
|217 |새로작성    |<p>새로작성</p>
  |1  |2025-06-18 10:07:17 |2025-06-18 10:07:17 |0   |2     |
|216 |ttttt   |<p>ttttt</p>
 |1  |2025-06-18 10:07:17 |2025-06-18 10:07:17 |0   |2     |
|215 |fff     |<p>fff</p>
   |1  |2025-06-18 10:07:17 |2025-06-18 10:07:17 |0   |2     |
|214 |aa      |<p>aa</p>
    |1  |2025-06-18 10:07:17 |2025-06-18 10:07:17 |0   |2     |
|213 |새똥이 글   |<p>새똥아</p>
   |1  |2025-06-18 10:07:17 |2025-06-18 10:07:17 |0   |2     |
|212 |새똥이 글   |<p>새똥아</p>
   |1  |2025-06-18 10:07:17 |2025-06-18 10:07:17 |0   |2     |
|211 |aa      |<p>aa</p>
    |1  |2025-06-18 10:07:17 |2025-06-18 10:07:17 |0   |2     |
|210 |fff     |<p>fff</p>
   |1  |2025-06-18 10:07:17 |2025-06-18 10:07:17 |0   |2     |
|209 |ttttt   |<p>ttttt</p>
 |1  |2025-06-18 10:07:17 |2025-06-18 10:07:17 |0   |2     |
|----|--------|---------------|---|--------------------|--------------------|----|------|

10:41:57.534 [main] INFO  BoardService - 새똥이가 쓴글
10:41:57.536 [main] INFO  BoardService - 새로작성
10:41:57.537 [main] INFO  BoardService - ttttt
10:41:57.537 [main] INFO  BoardService - fff
10:41:57.537 [main] INFO  BoardService - aa
10:41:57.537 [main] INFO  BoardService - 새똥이 글
10:41:57.537 [main] INFO  BoardService - 새똥이 글
10:41:57.538 [main] INFO  BoardService - aa
10:41:57.538 [main] INFO  BoardService - fff
10:41:57.540 [main] INFO  BoardService - ttttt
11:15:22.628 [main] INFO  sqltiming - select * from tbl_board 
 	where cno = 1
 	order by bno desc 
 	limit 10 offset 0
 {executed in 15 msec}
11:15:22.642 [main] INFO  resultsettable - 
|----|------|--------|---|--------|--------|----|----|
|bno |title |content |id |regdate |moddate |cnt |cno |
|----|------|--------|---|--------|--------|----|----|
|----|------|--------|---|--------|--------|----|----|

11:15:22.889 [main] INFO  sqltiming - SELECT COUNT(*) FROM tbl_board WHERE cno = 1 ;
 {executed in 239 msec}
11:15:22.893 [main] INFO  resultsettable - 
|---------|
|count(*) |
|---------|
|0        |
|---------|

11:15:56.305 [main] INFO  sqltiming - select * from tbl_board 
 	where cno = 1
 	order by bno desc 
 	limit 10 offset 0
 {executed in 12 msec}
11:15:56.319 [main] INFO  resultsettable - 
|----|------|--------|---|--------|--------|----|----|
|bno |title |content |id |regdate |moddate |cnt |cno |
|----|------|--------|---|--------|--------|----|----|
|----|------|--------|---|--------|--------|----|----|

11:15:56.331 [main] INFO  sqltiming - SELECT COUNT(*) FROM tbl_board WHERE cno = 1 ;
 {executed in 5 msec}
11:15:56.334 [main] INFO  resultsettable - 
|---------|
|count(*) |
|---------|
|0        |
|---------|

11:17:05.097 [main] INFO  sqltiming - select * from tbl_board 
 	where cno = 1
 	order by bno desc 
 	limit 10 offset 0
 {executed in 8 msec}
11:17:05.109 [main] INFO  resultsettable - 
|----|------|--------|---|--------|--------|----|----|
|bno |title |content |id |regdate |moddate |cnt |cno |
|----|------|--------|---|--------|--------|----|----|
|----|------|--------|---|--------|--------|----|----|

11:17:05.129 [main] WARN  ErrorPacket - Error: 1064-42000: You have an error in your SQL syntax; check the manual that corresponds to your MariaDB server version for the right syntax to use near 'cno = 1' at line 1
11:17:05.131 [main] ERROR audit - 1. PreparedStatement.execute() select count(*) from tbl_board whrer cno = 1

java.sql.SQLSyntaxErrorException: (conn=1125) You have an error in your SQL syntax; check the manual that corresponds to your MariaDB server version for the right syntax to use near 'cno = 1' at line 1
	at org.mariadb.jdbc.export.ExceptionFactory.createException(ExceptionFactory.java:289)
	at org.mariadb.jdbc.export.ExceptionFactory.create(ExceptionFactory.java:378)
	at org.mariadb.jdbc.message.ClientMessage.readPacket(ClientMessage.java:187)
	at org.mariadb.jdbc.client.impl.StandardClient.readPacket(StandardClient.java:1364)
	at org.mariadb.jdbc.client.impl.StandardClient.readResults(StandardClient.java:1303)
	at org.mariadb.jdbc.client.impl.StandardClient.readResponse(StandardClient.java:1222)
	at org.mariadb.jdbc.client.impl.StandardClient.execute(StandardClient.java:1146)
	at org.mariadb.jdbc.ClientPreparedStatement.executeInternal(ClientPreparedStatement.java:87)
	at org.mariadb.jdbc.ClientPreparedStatement.execute(ClientPreparedStatement.java:232)
	at net.sf.log4jdbc.sql.jdbcapi.PreparedStatementSpy.execute(PreparedStatementSpy.java:443)
	at com.zaxxer.hikari.pool.ProxyPreparedStatement.execute(ProxyPreparedStatement.java:44)
	at com.zaxxer.hikari.pool.HikariProxyPreparedStatement.execute(HikariProxyPreparedStatement.java)
	at org.apache.ibatis.executor.statement.PreparedStatementHandler.query(PreparedStatementHandler.java:65)
	at org.apache.ibatis.executor.statement.RoutingStatementHandler.query(RoutingStatementHandler.java:80)
	at org.apache.ibatis.executor.SimpleExecutor.doQuery(SimpleExecutor.java:65)
	at org.apache.ibatis.executor.BaseExecutor.queryFromDatabase(BaseExecutor.java:336)
	at org.apache.ibatis.executor.BaseExecutor.query(BaseExecutor.java:158)
	at org.apache.ibatis.executor.CachingExecutor.query(CachingExecutor.java:110)
	at org.apache.ibatis.executor.CachingExecutor.query(CachingExecutor.java:90)
	at org.apache.ibatis.session.defaults.DefaultSqlSession.selectList(DefaultSqlSession.java:154)
	at org.apache.ibatis.session.defaults.DefaultSqlSession.selectList(DefaultSqlSession.java:147)
	at org.apache.ibatis.session.defaults.DefaultSqlSession.selectList(DefaultSqlSession.java:142)
	at org.apache.ibatis.session.defaults.DefaultSqlSession.selectOne(DefaultSqlSession.java:75)
	at org.apache.ibatis.binding.MapperMethod.execute(MapperMethod.java:87)
	at org.apache.ibatis.binding.MapperProxy$PlainMethodInvoker.invoke(MapperProxy.java:141)
	at org.apache.ibatis.binding.MapperProxy.invoke(MapperProxy.java:86)
	at jdk.proxy2/jdk.proxy2.$Proxy10.getCount(Unknown Source)
	at service.BoardService.list(BoardService.java:19)
	at service.BoardService.main(BoardService.java:47)
11:17:05.134 [main] ERROR sqlonly - 1. PreparedStatement.execute() select count(*) from tbl_board whrer cno = 1

java.sql.SQLSyntaxErrorException: (conn=1125) You have an error in your SQL syntax; check the manual that corresponds to your MariaDB server version for the right syntax to use near 'cno = 1' at line 1
	at org.mariadb.jdbc.export.ExceptionFactory.createException(ExceptionFactory.java:289)
	at org.mariadb.jdbc.export.ExceptionFactory.create(ExceptionFactory.java:378)
	at org.mariadb.jdbc.message.ClientMessage.readPacket(ClientMessage.java:187)
	at org.mariadb.jdbc.client.impl.StandardClient.readPacket(StandardClient.java:1364)
	at org.mariadb.jdbc.client.impl.StandardClient.readResults(StandardClient.java:1303)
	at org.mariadb.jdbc.client.impl.StandardClient.readResponse(StandardClient.java:1222)
	at org.mariadb.jdbc.client.impl.StandardClient.execute(StandardClient.java:1146)
	at org.mariadb.jdbc.ClientPreparedStatement.executeInternal(ClientPreparedStatement.java:87)
	at org.mariadb.jdbc.ClientPreparedStatement.execute(ClientPreparedStatement.java:232)
	at net.sf.log4jdbc.sql.jdbcapi.PreparedStatementSpy.execute(PreparedStatementSpy.java:443)
	at com.zaxxer.hikari.pool.ProxyPreparedStatement.execute(ProxyPreparedStatement.java:44)
	at com.zaxxer.hikari.pool.HikariProxyPreparedStatement.execute(HikariProxyPreparedStatement.java)
	at org.apache.ibatis.executor.statement.PreparedStatementHandler.query(PreparedStatementHandler.java:65)
	at org.apache.ibatis.executor.statement.RoutingStatementHandler.query(RoutingStatementHandler.java:80)
	at org.apache.ibatis.executor.SimpleExecutor.doQuery(SimpleExecutor.java:65)
	at org.apache.ibatis.executor.BaseExecutor.queryFromDatabase(BaseExecutor.java:336)
	at org.apache.ibatis.executor.BaseExecutor.query(BaseExecutor.java:158)
	at org.apache.ibatis.executor.CachingExecutor.query(CachingExecutor.java:110)
	at org.apache.ibatis.executor.CachingExecutor.query(CachingExecutor.java:90)
	at org.apache.ibatis.session.defaults.DefaultSqlSession.selectList(DefaultSqlSession.java:154)
	at org.apache.ibatis.session.defaults.DefaultSqlSession.selectList(DefaultSqlSession.java:147)
	at org.apache.ibatis.session.defaults.DefaultSqlSession.selectList(DefaultSqlSession.java:142)
	at org.apache.ibatis.session.defaults.DefaultSqlSession.selectOne(DefaultSqlSession.java:75)
	at org.apache.ibatis.binding.MapperMethod.execute(MapperMethod.java:87)
	at org.apache.ibatis.binding.MapperProxy$PlainMethodInvoker.invoke(MapperProxy.java:141)
	at org.apache.ibatis.binding.MapperProxy.invoke(MapperProxy.java:86)
	at jdk.proxy2/jdk.proxy2.$Proxy10.getCount(Unknown Source)
	at service.BoardService.list(BoardService.java:19)
	at service.BoardService.main(BoardService.java:47)
11:17:05.134 [main] ERROR sqltiming - 1. PreparedStatement.execute() FAILED! select count(*) from tbl_board whrer cno = 1
 {FAILED after 12 msec}
java.sql.SQLSyntaxErrorException: (conn=1125) You have an error in your SQL syntax; check the manual that corresponds to your MariaDB server version for the right syntax to use near 'cno = 1' at line 1
	at org.mariadb.jdbc.export.ExceptionFactory.createException(ExceptionFactory.java:289)
	at org.mariadb.jdbc.export.ExceptionFactory.create(ExceptionFactory.java:378)
	at org.mariadb.jdbc.message.ClientMessage.readPacket(ClientMessage.java:187)
	at org.mariadb.jdbc.client.impl.StandardClient.readPacket(StandardClient.java:1364)
	at org.mariadb.jdbc.client.impl.StandardClient.readResults(StandardClient.java:1303)
	at org.mariadb.jdbc.client.impl.StandardClient.readResponse(StandardClient.java:1222)
	at org.mariadb.jdbc.client.impl.StandardClient.execute(StandardClient.java:1146)
	at org.mariadb.jdbc.ClientPreparedStatement.executeInternal(ClientPreparedStatement.java:87)
	at org.mariadb.jdbc.ClientPreparedStatement.execute(ClientPreparedStatement.java:232)
	at net.sf.log4jdbc.sql.jdbcapi.PreparedStatementSpy.execute(PreparedStatementSpy.java:443)
	at com.zaxxer.hikari.pool.ProxyPreparedStatement.execute(ProxyPreparedStatement.java:44)
	at com.zaxxer.hikari.pool.HikariProxyPreparedStatement.execute(HikariProxyPreparedStatement.java)
	at org.apache.ibatis.executor.statement.PreparedStatementHandler.query(PreparedStatementHandler.java:65)
	at org.apache.ibatis.executor.statement.RoutingStatementHandler.query(RoutingStatementHandler.java:80)
	at org.apache.ibatis.executor.SimpleExecutor.doQuery(SimpleExecutor.java:65)
	at org.apache.ibatis.executor.BaseExecutor.queryFromDatabase(BaseExecutor.java:336)
	at org.apache.ibatis.executor.BaseExecutor.query(BaseExecutor.java:158)
	at org.apache.ibatis.executor.CachingExecutor.query(CachingExecutor.java:110)
	at org.apache.ibatis.executor.CachingExecutor.query(CachingExecutor.java:90)
	at org.apache.ibatis.session.defaults.DefaultSqlSession.selectList(DefaultSqlSession.java:154)
	at org.apache.ibatis.session.defaults.DefaultSqlSession.selectList(DefaultSqlSession.java:147)
	at org.apache.ibatis.session.defaults.DefaultSqlSession.selectList(DefaultSqlSession.java:142)
	at org.apache.ibatis.session.defaults.DefaultSqlSession.selectOne(DefaultSqlSession.java:75)
	at org.apache.ibatis.binding.MapperMethod.execute(MapperMethod.java:87)
	at org.apache.ibatis.binding.MapperProxy$PlainMethodInvoker.invoke(MapperProxy.java:141)
	at org.apache.ibatis.binding.MapperProxy.invoke(MapperProxy.java:86)
	at jdk.proxy2/jdk.proxy2.$Proxy10.getCount(Unknown Source)
	at service.BoardService.list(BoardService.java:19)
	at service.BoardService.main(BoardService.java:47)
11:18:02.975 [main] INFO  sqltiming - select * from tbl_board 
 	where cno = 1
 	order by bno desc 
 	limit 10 offset 0
 {executed in 8 msec}
11:18:02.992 [main] INFO  resultsettable - 
|----|------|--------|---|--------|--------|----|----|
|bno |title |content |id |regdate |moddate |cnt |cno |
|----|------|--------|---|--------|--------|----|----|
|----|------|--------|---|--------|--------|----|----|

11:18:03.005 [main] INFO  sqltiming - select count(*) from tbl_board where cno = 1
 {executed in 5 msec}
11:18:03.008 [main] INFO  resultsettable - 
|---------|
|count(*) |
|---------|
|0        |
|---------|

11:22:49.090 [main] INFO  sqltiming - select * from tbl_board 
 	where cno = 1
 	order by bno desc 
 	limit 10 offset 0
 {executed in 16 msec}
11:22:49.105 [main] INFO  resultsettable - 
|----|------|--------|---|--------|--------|----|----|
|bno |title |content |id |regdate |moddate |cnt |cno |
|----|------|--------|---|--------|--------|----|----|
|----|------|--------|---|--------|--------|----|----|

11:22:49.127 [main] INFO  sqltiming - select count(*) from tbl_board where cno = 1
 {executed in 15 msec}
11:22:49.130 [main] INFO  resultsettable - 
|---------|
|count(*) |
|---------|
|0        |
|---------|

11:31:59.042 [main] INFO  sqltiming - select * from tbl_board 
 	where cno = 1
 	order by bno desc 
 	limit 10 offset 0
 {executed in 7 msec}
11:31:59.057 [main] INFO  resultsettable - 
|----|------|--------|---|--------|--------|----|----|
|bno |title |content |id |regdate |moddate |cnt |cno |
|----|------|--------|---|--------|--------|----|----|
|----|------|--------|---|--------|--------|----|----|

11:31:59.075 [main] INFO  sqltiming - select count(*) from tbl_board where cno = 1
 {executed in 10 msec}
11:31:59.078 [main] INFO  resultsettable - 
|---------|
|count(*) |
|---------|
|0        |
|---------|

12:15:34.570 [main] INFO  PageDto - PageDto(cri=Criteria(page=12, amount=10, cno=2), total=123, start=11, end=20, Left=false, right=false, doubleLeft=false, doubleRight=false)
12:15:40.561 [main] INFO  PageDto - PageDto(cri=Criteria(page=12, amount=10, cno=2), total=123, start=11, end=20, Left=false, right=false, doubleLeft=false, doubleRight=false)
12:16:54.614 [main] INFO  PageDto - PageDto(cri=Criteria(page=12, amount=10, cno=2), total=123, start=11, end=20, Left=false, right=false, doubleLeft=false, doubleRight=false)
12:17:30.838 [main] INFO  PageDto - PageDto(cri=Criteria(page=1, amount=10, cno=1), total=123, start=1, end=13, Left=false, right=false, doubleLeft=false, doubleRight=false)
12:17:36.445 [main] INFO  PageDto - PageDto(cri=Criteria(page=1, amount=10, cno=1), total=123, start=1, end=13, Left=false, right=false, doubleLeft=false, doubleRight=false)
12:18:03.208 [main] INFO  PageDto - PageDto(cri=Criteria(page=12, amount=10, cno=2), total=123, start=11, end=20, Left=false, right=false, doubleLeft=false, doubleRight=false)
12:21:05.107 [main] INFO  PageDto - PageDto(cri=Criteria(page=12, amount=10, cno=2), total=123, start=11, end=13, Left=false, right=false, doubleLeft=false, doubleRight=false)
12:21:30.416 [main] INFO  PageDto - PageDto(cri=Criteria(page=12, amount=10, cno=2), total=123, start=11, end=13, Left=false, right=false, doubleLeft=false, doubleRight=false)
12:26:26.893 [main] INFO  PageDto - PageDto(cri=Criteria(page=12, amount=10, cno=2), total=123, start=11, end=13, Left=false, right=false, doubleLeft=false, doubleRight=false)
